
  .   ____          _            __ _ _
 /\\ / ___'_ __ _ _(_)_ __  __ _ \ \ \ \
( ( )\___ | '_ | '_| | '_ \/ _` | \ \ \ \
 \\/  ___)| |_)| | | | | || (_| |  ) ) ) )
  '  |____| .__|_| |_|_| |_\__, | / / / /
 =========|_|==============|___/=/_/_/_/

 :: Spring Boot ::                (v3.3.1)

2025-12-09T23:05:33.053-05:00  INFO 27936 --- [           main] com.bankinc.prueba.PruebaApplication     : Starting PruebaApplication v0.0.1-SNAPSHOT using Java 21.0.9 with PID 27936 (C:\Users\sandra\Prueba-Java\target\prueba-0.0.1-SNAPSHOT.jar started by sandra in C:\Users\sandra\Prueba-Java)
2025-12-09T23:05:33.070-05:00  INFO 27936 --- [           main] com.bankinc.prueba.PruebaApplication     : No active profile set, falling back to 1 default profile: "default"
2025-12-09T23:05:34.206-05:00  INFO 27936 --- [           main] .s.d.r.c.RepositoryConfigurationDelegate : Bootstrapping Spring Data JPA repositories in DEFAULT mode.
2025-12-09T23:05:34.293-05:00  INFO 27936 --- [           main] .s.d.r.c.RepositoryConfigurationDelegate : Finished Spring Data repository scanning in 69 ms. Found 2 JPA repository interfaces.
2025-12-09T23:05:35.145-05:00  INFO 27936 --- [           main] o.s.b.w.embedded.tomcat.TomcatWebServer  : Tomcat initialized with port 8081 (http)
2025-12-09T23:05:35.174-05:00  INFO 27936 --- [           main] o.apache.catalina.core.StandardService   : Starting service [Tomcat]
2025-12-09T23:05:35.174-05:00  INFO 27936 --- [           main] o.apache.catalina.core.StandardEngine    : Starting Servlet engine: [Apache Tomcat/10.1.25]
2025-12-09T23:05:35.237-05:00  INFO 27936 --- [           main] o.a.c.c.C.[Tomcat].[localhost].[/]       : Initializing Spring embedded WebApplicationContext
2025-12-09T23:05:35.240-05:00  INFO 27936 --- [           main] w.s.c.ServletWebServerApplicationContext : Root WebApplicationContext: initialization completed in 2064 ms
2025-12-09T23:05:35.568-05:00  INFO 27936 --- [           main] o.hibernate.jpa.internal.util.LogHelper  : HHH000204: Processing PersistenceUnitInfo [name: default]
2025-12-09T23:05:35.777-05:00  INFO 27936 --- [           main] org.hibernate.Version                    : HHH000412: Hibernate ORM core version 6.5.2.Final
2025-12-09T23:05:35.887-05:00  INFO 27936 --- [           main] o.h.c.internal.RegionFactoryInitiator    : HHH000026: Second-level cache disabled
2025-12-09T23:05:36.647-05:00  INFO 27936 --- [           main] o.s.o.j.p.SpringPersistenceUnitInfo      : No LoadTimeWeaver setup: ignoring JPA class transformer
2025-12-09T23:05:36.712-05:00  INFO 27936 --- [           main] com.zaxxer.hikari.HikariDataSource       : HikariPool-1 - Starting...
2025-12-09T23:05:36.987-05:00  INFO 27936 --- [           main] com.zaxxer.hikari.pool.HikariPool        : HikariPool-1 - Added connection com.mysql.cj.jdbc.ConnectionImpl@43588265
2025-12-09T23:05:36.987-05:00  INFO 27936 --- [           main] com.zaxxer.hikari.HikariDataSource       : HikariPool-1 - Start completed.
2025-12-09T23:05:37.035-05:00  WARN 27936 --- [           main] org.hibernate.dialect.Dialect            : HHH000511: The 5.5.5 version for [org.hibernate.dialect.MySQLDialect] is no longer supported, hence certain features may not work properly. The minimum supported version is 8.0.0. Check the community dialects project for available legacy versions.
2025-12-09T23:05:37.042-05:00  WARN 27936 --- [           main] org.hibernate.orm.deprecation            : HHH90000025: MySQLDialect does not need to be specified explicitly using 'hibernate.dialect' (remove the property setting and it will be selected by default)
2025-12-09T23:05:38.204-05:00  INFO 27936 --- [           main] o.h.e.t.j.p.i.JtaPlatformInitiator       : HHH000489: No JTA platform available (set 'hibernate.transaction.jta.platform' to enable JTA platform integration)
Hibernate: alter table cards add column active bit not null
Hibernate: alter table cards add column blocked bit not null
2025-12-09T23:05:38.305-05:00  INFO 27936 --- [           main] j.LocalContainerEntityManagerFactoryBean : Initialized JPA EntityManagerFactory for persistence unit 'default'
2025-12-09T23:05:38.959-05:00  WARN 27936 --- [           main] JpaBaseConfiguration$JpaWebConfiguration : spring.jpa.open-in-view is enabled by default. Therefore, database queries may be performed during view rendering. Explicitly configure spring.jpa.open-in-view to disable this warning
2025-12-09T23:05:38.994-05:00  INFO 27936 --- [           main] o.s.b.a.w.s.WelcomePageHandlerMapping    : Adding welcome page: class path resource [static/index.html]
2025-12-09T23:05:39.515-05:00  INFO 27936 --- [           main] o.s.b.w.embedded.tomcat.TomcatWebServer  : Tomcat started on port 8081 (http) with context path '/'
2025-12-09T23:05:39.546-05:00  INFO 27936 --- [           main] com.bankinc.prueba.PruebaApplication     : Started PruebaApplication in 7.179 seconds (process running for 7.888)
2025-12-09T23:05:43.227-05:00  INFO 27936 --- [nio-8081-exec-1] o.a.c.c.C.[Tomcat].[localhost].[/]       : Initializing Spring DispatcherServlet 'dispatcherServlet'
2025-12-09T23:05:43.227-05:00  INFO 27936 --- [nio-8081-exec-1] o.s.web.servlet.DispatcherServlet        : Initializing Servlet 'dispatcherServlet'
2025-12-09T23:05:43.236-05:00  INFO 27936 --- [nio-8081-exec-1] o.s.web.servlet.DispatcherServlet        : Completed initialization in 9 ms
