
  .   ____          _            __ _ _
 /\\ / ___'_ __ _ _(_)_ __  __ _ \ \ \ \
( ( )\___ | '_ | '_| | '_ \/ _` | \ \ \ \
 \\/  ___)| |_)| | | | | || (_| |  ) ) ) )
  '  |____| .__|_| |_|_| |_\__, | / / / /
 =========|_|==============|___/=/_/_/_/

 :: Spring Boot ::                (v3.3.1)

2025-12-10T00:09:18.603-05:00  INFO 16136 --- [           main] com.bankinc.prueba.PruebaApplication     : Starting PruebaApplication v0.0.1-SNAPSHOT using Java 21.0.9 with PID 16136 (C:\Users\sandra\Prueba-Java\target\prueba-0.0.1-SNAPSHOT.jar started by sandra in C:\Users\sandra\Prueba-Java)
2025-12-10T00:09:18.606-05:00  INFO 16136 --- [           main] com.bankinc.prueba.PruebaApplication     : No active profile set, falling back to 1 default profile: "default"
2025-12-10T00:09:20.239-05:00  INFO 16136 --- [           main] .s.d.r.c.RepositoryConfigurationDelegate : Bootstrapping Spring Data JPA repositories in DEFAULT mode.
2025-12-10T00:09:20.335-05:00  INFO 16136 --- [           main] .s.d.r.c.RepositoryConfigurationDelegate : Finished Spring Data repository scanning in 83 ms. Found 3 JPA repository interfaces.
2025-12-10T00:09:21.332-05:00  INFO 16136 --- [           main] o.s.b.w.embedded.tomcat.TomcatWebServer  : Tomcat initialized with port 8081 (http)
2025-12-10T00:09:21.348-05:00  INFO 16136 --- [           main] o.apache.catalina.core.StandardService   : Starting service [Tomcat]
2025-12-10T00:09:21.348-05:00  INFO 16136 --- [           main] o.apache.catalina.core.StandardEngine    : Starting Servlet engine: [Apache Tomcat/10.1.25]
2025-12-10T00:09:21.409-05:00  INFO 16136 --- [           main] o.a.c.c.C.[Tomcat].[localhost].[/]       : Initializing Spring embedded WebApplicationContext
2025-12-10T00:09:21.411-05:00  INFO 16136 --- [           main] w.s.c.ServletWebServerApplicationContext : Root WebApplicationContext: initialization completed in 2685 ms
2025-12-10T00:09:21.685-05:00  INFO 16136 --- [           main] o.hibernate.jpa.internal.util.LogHelper  : HHH000204: Processing PersistenceUnitInfo [name: default]
2025-12-10T00:09:21.790-05:00  INFO 16136 --- [           main] org.hibernate.Version                    : HHH000412: Hibernate ORM core version 6.5.2.Final
2025-12-10T00:09:21.846-05:00  INFO 16136 --- [           main] o.h.c.internal.RegionFactoryInitiator    : HHH000026: Second-level cache disabled
2025-12-10T00:09:22.364-05:00  INFO 16136 --- [           main] o.s.o.j.p.SpringPersistenceUnitInfo      : No LoadTimeWeaver setup: ignoring JPA class transformer
2025-12-10T00:09:22.415-05:00  INFO 16136 --- [           main] com.zaxxer.hikari.HikariDataSource       : HikariPool-1 - Starting...
2025-12-10T00:09:22.649-05:00  INFO 16136 --- [           main] com.zaxxer.hikari.pool.HikariPool        : HikariPool-1 - Added connection com.mysql.cj.jdbc.ConnectionImpl@43786627
2025-12-10T00:09:22.649-05:00  INFO 16136 --- [           main] com.zaxxer.hikari.HikariDataSource       : HikariPool-1 - Start completed.
2025-12-10T00:09:22.705-05:00  WARN 16136 --- [           main] org.hibernate.dialect.Dialect            : HHH000511: The 5.5.5 version for [org.hibernate.dialect.MySQLDialect] is no longer supported, hence certain features may not work properly. The minimum supported version is 8.0.0. Check the community dialects project for available legacy versions.
2025-12-10T00:09:22.715-05:00  WARN 16136 --- [           main] org.hibernate.orm.deprecation            : HHH90000025: MySQLDialect does not need to be specified explicitly using 'hibernate.dialect' (remove the property setting and it will be selected by default)
2025-12-10T00:09:23.738-05:00  INFO 16136 --- [           main] o.h.e.t.j.p.i.JtaPlatformInitiator       : HHH000489: No JTA platform available (set 'hibernate.transaction.jta.platform' to enable JTA platform integration)
2025-12-10T00:09:23.839-05:00  INFO 16136 --- [           main] j.LocalContainerEntityManagerFactoryBean : Initialized JPA EntityManagerFactory for persistence unit 'default'
2025-12-10T00:09:24.474-05:00  INFO 16136 --- [           main] r$InitializeUserDetailsManagerConfigurer : Global AuthenticationManager configured with UserDetailsService bean with name authService
2025-12-10T00:09:24.649-05:00  WARN 16136 --- [           main] JpaBaseConfiguration$JpaWebConfiguration : spring.jpa.open-in-view is enabled by default. Therefore, database queries may be performed during view rendering. Explicitly configure spring.jpa.open-in-view to disable this warning
2025-12-10T00:09:24.785-05:00  INFO 16136 --- [           main] o.s.b.a.w.s.WelcomePageHandlerMapping    : Adding welcome page: class path resource [static/index.html]
2025-12-10T00:09:25.483-05:00  INFO 16136 --- [           main] o.s.b.w.embedded.tomcat.TomcatWebServer  : Tomcat started on port 8081 (http) with context path '/'
2025-12-10T00:09:25.498-05:00  INFO 16136 --- [           main] com.bankinc.prueba.PruebaApplication     : Started PruebaApplication in 7.627 seconds (process running for 8.394)
